<?xml version="1.0" encoding="UTF-8" ?>
<testsuite tests="3" failures="0" name="com.xuecheng.media.MinioTest" time="0.23" errors="0" skipped="0">
  <properties>
    <property name="idea.version" value="2021.1.1"/>
    <property name="java.runtime.name" value="Java(TM) SE Runtime Environment"/>
    <property name="sun.boot.library.path" value="D:\java\soft\jdk-1.8.0\jre\bin"/>
    <property name="java.vm.version" value="25.281-b09"/>
    <property name="java.vm.vendor" value="Oracle Corporation"/>
    <property name="maven.multiModuleProjectDirectory" value="D:\java\code\xuecheng-plus-project\xuecheng-plus-media\xuecheng-plus-media-service"/>
    <property name="java.vendor.url" value="http://java.oracle.com/"/>
    <property name="path.separator" value=";"/>
    <property name="guice.disable.misplaced.annotation.check" value="true"/>
    <property name="java.vm.name" value="Java HotSpot(TM) 64-Bit Server VM"/>
    <property name="file.encoding.pkg" value="sun.io"/>
    <property name="user.script" value=""/>
    <property name="user.country" value="CN"/>
    <property name="sun.java.launcher" value="SUN_STANDARD"/>
    <property name="sun.os.patch.level" value=""/>
    <property name="java.vm.specification.name" value="Java Virtual Machine Specification"/>
    <property name="user.dir" value="D:\java\code\xuecheng-plus-project\xuecheng-plus-media\xuecheng-plus-media-service"/>
    <property name="java.runtime.version" value="1.8.0_281-b09"/>
    <property name="java.awt.graphicsenv" value="sun.awt.Win32GraphicsEnvironment"/>
    <property name="java.endorsed.dirs" value="D:\java\soft\jdk-1.8.0\jre\lib\endorsed"/>
    <property name="os.arch" value="amd64"/>
    <property name="java.io.tmpdir" value="C:\Users\limz\AppData\Local\Temp\"/>
    <property name="line.separator" value="
"/>
    <property name="java.vm.specification.vendor" value="Oracle Corporation"/>
    <property name="user.variant" value=""/>
    <property name="os.name" value="Windows 10"/>
    <property name="maven.ext.class.path" value="D:\java\soft\idea\IntelliJ IDEA 2021.1.1\plugins\maven\lib\maven-event-listener.jar"/>
    <property name="classworlds.conf" value="D:\java\soft\idea\IntelliJ IDEA 2021.1.1\plugins\maven\lib\maven3\bin\m2.conf"/>
    <property name="sun.jnu.encoding" value="GBK"/>
    <property name="java.library.path" value="D:\java\soft\jdk-1.8.0\bin;C:\Windows\Sun\Java\bin;C:\Windows\system32;C:\Windows;D:\VMware\VMware Workstation\bin\;D:\app\oracle\product\12.1.0\dbhome_1\bin;C:\Windows\system32;C:\Windows;C:\Windows\System32\Wbem;C:\Windows\System32\WindowsPowerShell\v1.0\;C:\Windows\System32\OpenSSH\;C:\Program Files (x86)\dotnet\;C:\Program Files\MySQL\MySQL Server 8.0\bin;D:\Git\cmd;C:\Program Files\dotnet\;C:\Program Files\Microsoft SQL Server\150\Tools\Binn\;C:\Program Files\Microsoft SQL Server\130\Tools\Binn\;D:\Program\nodejs\;D:\MySQL\MySQL Server 8.0\bin;D:\java\soft\jdk-1.8.0\jre\bin;D:\java\soft\jdk-1.8.0\bin;D:\py\python\Scripts\;D:\py\python\;D:\py\Scripts\;D:\py\;C:\Users\limz\AppData\Local\Microsoft\WindowsApps;D:\Bandizip\;D:\Program\apache-tomcat-8.5.81\bin;D:\Program\Erlang\bin;D:\Program\RocketMQ\rocketmq-4.9.2\bin;C:\Users\limz\AppData\Roaming\npm;."/>
    <property name="maven.conf" value="D:\java\soft\idea\IntelliJ IDEA 2021.1.1\plugins\maven\lib\maven3/conf"/>
    <property name="java.specification.name" value="Java Platform API Specification"/>
    <property name="java.class.version" value="52.0"/>
    <property name="sun.management.compiler" value="HotSpot 64-Bit Tiered Compilers"/>
    <property name="os.version" value="10.0"/>
    <property name="user.home" value="C:\Users\limz"/>
    <property name="user.timezone" value="Asia/Shanghai"/>
    <property name="java.awt.printerjob" value="sun.awt.windows.WPrinterJob"/>
    <property name="java.specification.version" value="1.8"/>
    <property name="file.encoding" value="UTF-8"/>
    <property name="user.name" value="李明喆"/>
    <property name="java.class.path" value="D:\java\soft\idea\IntelliJ IDEA 2021.1.1\plugins\maven\lib\maven3\boot\plexus-classworlds-2.6.0.jar;D:\java\soft\idea\IntelliJ IDEA 2021.1.1\plugins\maven\lib\maven3\boot\plexus-classworlds.license"/>
    <property name="java.vm.specification.version" value="1.8"/>
    <property name="sun.arch.data.model" value="64"/>
    <property name="java.home" value="D:\java\soft\jdk-1.8.0\jre"/>
    <property name="sun.java.command" value="org.codehaus.classworlds.Launcher -Didea.version=2021.1.1 -s D:\java\soft\maven\setting.xml install"/>
    <property name="java.specification.vendor" value="Oracle Corporation"/>
    <property name="user.language" value="zh"/>
    <property name="awt.toolkit" value="sun.awt.windows.WToolkit"/>
    <property name="java.vm.info" value="mixed mode"/>
    <property name="java.version" value="1.8.0_281"/>
    <property name="java.ext.dirs" value="D:\java\soft\jdk-1.8.0\jre\lib\ext;C:\Windows\Sun\Java\lib\ext"/>
    <property name="sun.boot.class.path" value="D:\java\soft\jdk-1.8.0\jre\lib\resources.jar;D:\java\soft\jdk-1.8.0\jre\lib\rt.jar;D:\java\soft\jdk-1.8.0\jre\lib\sunrsasign.jar;D:\java\soft\jdk-1.8.0\jre\lib\jsse.jar;D:\java\soft\jdk-1.8.0\jre\lib\jce.jar;D:\java\soft\jdk-1.8.0\jre\lib\charsets.jar;D:\java\soft\jdk-1.8.0\jre\lib\jfr.jar;D:\java\soft\jdk-1.8.0\jre\classes"/>
    <property name="java.vendor" value="Oracle Corporation"/>
    <property name="maven.home" value="D:\java\soft\idea\IntelliJ IDEA 2021.1.1\plugins\maven\lib\maven3"/>
    <property name="file.separator" value="\"/>
    <property name="java.vendor.url.bug" value="http://bugreport.sun.com/bugreport/"/>
    <property name="sun.cpu.endian" value="little"/>
    <property name="sun.io.unicode.encoding" value="UnicodeLittle"/>
    <property name="sun.desktop" value="windows"/>
    <property name="sun.cpu.isalist" value="amd64"/>
  </properties>
  <testcase classname="com.xuecheng.media.MinioTest" name="com.xuecheng.media.MinioTest.test_getFile" time="0.203"/>
  <testcase classname="com.xuecheng.media.MinioTest" name="com.xuecheng.media.MinioTest.test_upload" time="0.027"/>
  <testcase classname="com.xuecheng.media.MinioTest" name="com.xuecheng.media.MinioTest.test_delete" time="0"/>
</testsuite>